This file contains any messages produced by compilers while
running configure, to aid debugging if configure makes a mistake.

It was created by practica1_ejercicio1 configure 0.1, which was
generated by GNU Autoconf 2.67.  Invocation command line was

  $ /home/alumne/practica1_ejercicio1/configure --enable-maintainer-mode --enable-maintainer-mode CFLAGS=-g -O0 CXXFLAGS=-g -O0 JFLAGS=-g -O0 FFLAGS=-g -O0

## --------- ##
## Platform. ##
## --------- ##

hostname = equipo
uname -m = i686
uname -r = 2.6.38-13-generic-pae
uname -s = Linux
uname -v = #55-Ubuntu SMP Tue Jan 24 15:54:51 UTC 2012

/usr/bin/uname -p = unknown
/bin/uname -X     = unknown

/bin/arch              = unknown
/usr/bin/arch -k       = unknown
/usr/convex/getsysinfo = unknown
/usr/bin/hostinfo      = unknown
/bin/machine           = unknown
/usr/bin/oslevel       = unknown
/bin/universe          = unknown

PATH: /usr/local/sbin
PATH: /usr/local/bin
PATH: /usr/sbin
PATH: /usr/bin
PATH: /sbin
PATH: /bin
PATH: /usr/games


## ----------- ##
## Core tests. ##
## ----------- ##

configure:1817: checking for a BSD-compatible install
configure:1885: result: /usr/bin/install -c
configure:1896: checking whether build environment is sane
configure:1946: result: yes
configure:2087: checking for a thread-safe mkdir -p
configure:2126: result: /bin/mkdir -p
configure:2139: checking for gawk
configure:2169: result: no
configure:2139: checking for mawk
configure:2155: found /usr/bin/mawk
configure:2166: result: mawk
configure:2177: checking whether make sets $(MAKE)
configure:2199: result: yes
configure:2282: checking whether to enable maintainer-specific portions of Makefiles
configure:2291: result: yes
configure:2353: checking for gcc
configure:2369: found /usr/bin/gcc
configure:2380: result: gcc
configure:2609: checking for C compiler version
configure:2618: gcc --version >&5
gcc (Ubuntu/Linaro 4.5.2-8ubuntu4) 4.5.2
Copyright (C) 2010 Free Software Foundation, Inc.
This is free software; see the source for copying conditions.  There is NO
warranty; not even for MERCHANTABILITY or FITNESS FOR A PARTICULAR PURPOSE.

configure:2629: $? = 0
configure:2618: gcc -v >&5
Using built-in specs.
COLLECT_GCC=gcc
COLLECT_LTO_WRAPPER=/usr/lib/i386-linux-gnu/gcc/i686-linux-gnu/4.5.2/lto-wrapper
Target: i686-linux-gnu
Configured with: ../src/configure -v --with-pkgversion='Ubuntu/Linaro 4.5.2-8ubuntu4' --with-bugurl=file:///usr/share/doc/gcc-4.5/README.Bugs --enable-languages=c,c++,fortran,objc,obj-c++ --prefix=/usr --program-suffix=-4.5 --enable-shared --enable-multiarch --with-multiarch-defaults=i386-linux-gnu --enable-linker-build-id --with-system-zlib --libexecdir=/usr/lib/i386-linux-gnu --without-included-gettext --enable-threads=posix --with-gxx-include-dir=/usr/include/c++/4.5 --libdir=/usr/lib/i386-linux-gnu --enable-nls --with-sysroot=/ --enable-clocale=gnu --enable-libstdcxx-debug --enable-libstdcxx-time=yes --enable-plugin --enable-gold --enable-ld=default --with-plugin-ld=ld.gold --enable-objc-gc --enable-targets=all --disable-werror --with-arch-32=i686 --with-tune=generic --enable-checking=release --build=i686-linux-gnu --host=i686-linux-gnu --target=i686-linux-gnu
Thread model: posix
gcc version 4.5.2 (Ubuntu/Linaro 4.5.2-8ubuntu4) 
configure:2629: $? = 0
configure:2618: gcc -V >&5
gcc: '-V' option must have argument
configure:2629: $? = 1
configure:2618: gcc -qversion >&5
gcc: unrecognized option '-qversion'
gcc: no input files
configure:2629: $? = 1
configure:2649: checking whether the C compiler works
configure:2671: gcc -g -O0   conftest.c  >&5
configure:2675: $? = 0
configure:2723: result: yes
configure:2726: checking for C compiler default output file name
configure:2728: result: a.out
configure:2734: checking for suffix of executables
configure:2741: gcc -o conftest -g -O0   conftest.c  >&5
configure:2745: $? = 0
configure:2767: result: 
configure:2789: checking whether we are cross compiling
configure:2797: gcc -o conftest -g -O0   conftest.c  >&5
configure:2801: $? = 0
configure:2808: ./conftest
configure:2812: $? = 0
configure:2827: result: no
configure:2832: checking for suffix of object files
configure:2854: gcc -c -g -O0  conftest.c >&5
configure:2858: $? = 0
configure:2879: result: o
configure:2883: checking whether we are using the GNU C compiler
configure:2902: gcc -c -g -O0  conftest.c >&5
configure:2902: $? = 0
configure:2911: result: yes
configure:2920: checking whether gcc accepts -g
configure:2940: gcc -c -g  conftest.c >&5
configure:2940: $? = 0
configure:2981: result: yes
configure:2998: checking for gcc option to accept ISO C89
configure:3062: gcc  -c -g -O0  conftest.c >&5
configure:3062: $? = 0
configure:3075: result: none needed
configure:3106: checking for style of include used by make
configure:3134: result: GNU
configure:3159: checking dependency style of gcc
configure:3269: result: gcc3
configure:3416: creating ./config.status

## ---------------------- ##
## Running config.status. ##
## ---------------------- ##

This file was extended by practica1_ejercicio1 config.status 0.1, which was
generated by GNU Autoconf 2.67.  Invocation command line was

  CONFIG_FILES    = 
  CONFIG_HEADERS  = 
  CONFIG_LINKS    = 
  CONFIG_COMMANDS = 
  $ ./config.status 

on equipo

config.status:848: creating Makefile
config.status:848: creating config.h
config.status:1061: executing depfiles commands

## ---------------- ##
## Cache variables. ##
## ---------------- ##

ac_cv_c_compiler_gnu=yes
ac_cv_env_CC_set=
ac_cv_env_CC_value=
ac_cv_env_CFLAGS_set=set
ac_cv_env_CFLAGS_value='-g -O0'
ac_cv_env_CPPFLAGS_set=
ac_cv_env_CPPFLAGS_value=
ac_cv_env_LDFLAGS_set=
ac_cv_env_LDFLAGS_value=
ac_cv_env_LIBS_set=
ac_cv_env_LIBS_value=
ac_cv_env_build_alias_set=
ac_cv_env_build_alias_value=
ac_cv_env_host_alias_set=
ac_cv_env_host_alias_value=
ac_cv_env_target_alias_set=
ac_cv_env_target_alias_value=
ac_cv_objext=o
ac_cv_path_install='/usr/bin/install -c'
ac_cv_path_mkdir=/bin/mkdir
ac_cv_prog_AWK=mawk
ac_cv_prog_ac_ct_CC=gcc
ac_cv_prog_cc_c89=
ac_cv_prog_cc_g=yes
ac_cv_prog_make_make_set=yes
am_cv_CC_dependencies_compiler_type=gcc3

## ----------------- ##
## Output variables. ##
## ----------------- ##

ACLOCAL='${SHELL} /home/alumne/practica1_ejercicio1/missing --run aclocal-1.11'
AMDEPBACKSLASH='\'
AMDEP_FALSE='#'
AMDEP_TRUE=''
AMTAR='${SHELL} /home/alumne/practica1_ejercicio1/missing --run tar'
AM_BACKSLASH='\'
AM_DEFAULT_VERBOSITY='0'
AUTOCONF='${SHELL} /home/alumne/practica1_ejercicio1/missing --run autoconf'
AUTOHEADER='${SHELL} /home/alumne/practica1_ejercicio1/missing --run autoheader'
AUTOMAKE='${SHELL} /home/alumne/practica1_ejercicio1/missing --run automake-1.11'
AWK='mawk'
CC='gcc'
CCDEPMODE='depmode=gcc3'
CFLAGS='-g -O0'
CPPFLAGS=''
CYGPATH_W='echo'
DEFS='-DHAVE_CONFIG_H'
DEPDIR='.deps'
ECHO_C=''
ECHO_N='-n'
ECHO_T=''
EXEEXT=''
INSTALL_DATA='${INSTALL} -m 644'
INSTALL_PROGRAM='${INSTALL}'
INSTALL_SCRIPT='${INSTALL}'
INSTALL_STRIP_PROGRAM='$(install_sh) -c -s'
LDFLAGS=''
LIBOBJS=''
LIBS=''
LTLIBOBJS=''
MAINT=''
MAINTAINER_MODE_FALSE='#'
MAINTAINER_MODE_TRUE=''
MAKEINFO='${SHELL} /home/alumne/practica1_ejercicio1/missing --run makeinfo'
MKDIR_P='/bin/mkdir -p'
OBJEXT='o'
PACKAGE='practica1_ejercicio1'
PACKAGE_BUGREPORT=''
PACKAGE_NAME='practica1_ejercicio1'
PACKAGE_STRING='practica1_ejercicio1 0.1'
PACKAGE_TARNAME='practica1_ejercicio1'
PACKAGE_URL=''
PACKAGE_VERSION='0.1'
PATH_SEPARATOR=':'
SET_MAKE=''
SHELL='/bin/bash'
STRIP=''
VERSION='0.1'
ac_ct_CC='gcc'
am__EXEEXT_FALSE=''
am__EXEEXT_TRUE='#'
am__fastdepCC_FALSE='#'
am__fastdepCC_TRUE=''
am__include='include'
am__isrc=' -I$(srcdir)'
am__leading_dot='.'
am__quote=''
am__tar='${AMTAR} chof - "$$tardir"'
am__untar='${AMTAR} xf -'
bindir='${exec_prefix}/bin'
build_alias=''
datadir='${datarootdir}'
datarootdir='${prefix}/share'
docdir='${datarootdir}/doc/${PACKAGE_TARNAME}'
dvidir='${docdir}'
exec_prefix='${prefix}'
host_alias=''
htmldir='${docdir}'
includedir='${prefix}/include'
infodir='${datarootdir}/info'
install_sh='${SHELL} /home/alumne/practica1_ejercicio1/install-sh'
libdir='${exec_prefix}/lib'
libexecdir='${exec_prefix}/libexec'
localedir='${datarootdir}/locale'
localstatedir='${prefix}/var'
mandir='${datarootdir}/man'
mkdir_p='/bin/mkdir -p'
oldincludedir='/usr/include'
pdfdir='${docdir}'
prefix='/usr/local'
program_transform_name='s,x,x,'
psdir='${docdir}'
sbindir='${exec_prefix}/sbin'
sharedstatedir='${prefix}/com'
sysconfdir='${prefix}/etc'
target_alias=''

## ----------- ##
## confdefs.h. ##
## ----------- ##

/* confdefs.h */
#define PACKAGE_NAME "practica1_ejercicio1"
#define PACKAGE_TARNAME "practica1_ejercicio1"
#define PACKAGE_VERSION "0.1"
#define PACKAGE_STRING "practica1_ejercicio1 0.1"
#define PACKAGE_BUGREPORT ""
#define PACKAGE_URL ""
#define PACKAGE "practica1_ejercicio1"
#define VERSION "0.1"

configure: exit 0
